 FL =   0.00000     FU =   1.00000     DF =   0.00195
     N1 =   1     N2 = 512     DEPTH =     16.00 N = 1024     NSKIP =    1
 ALPHA =   0.00350     DT =     0.500  XLENG=   0.4500E+04  XFAC =   1.50
 0.7000E+01 0.5380E+01 0.3057E+01 0.2776E+01 0.1667E-02 0.3333E-02
 0.5000E+01 0.5950E+01 0.3381E+01 0.2890E+01 0.1667E-02 0.3333E-02
 0.4000E+01 0.6150E+01 0.3494E+01 0.2930E+01 0.1667E-02 0.3333E-02
 0.4000E+01 0.6150E+01 0.3494E+01 0.2930E+01 0.1667E-02 0.3333E-02
 0.2700E+01 0.6420E+01 0.3648E+01 0.2984E+01 0.1667E-02 0.3333E-02
 0.3000E+03 0.8060E+01 0.4580E+01 0.3120E+01 0.1667E-02 0.3333E-02
 0.3000E+03 0.8060E+01 0.4580E+01 0.3120E+01 0.1667E-02 0.3333E-02
 FREQUENCIES FOR WHICH RESPONSE COMPUTED
              1  F =    0.1953E-04 NBLOCK =      1 IBLOCK=   2
              2  F =    0.1953E-02 NBLOCK =      1 IBLOCK=   5
              3  F =    0.3906E-02 NBLOCK =      1 IBLOCK=   9
              4  F =    0.5859E-02 NBLOCK =      1 IBLOCK=  12
              5  F =    0.7812E-02 NBLOCK =      1 IBLOCK=  16
              6  F =    0.9766E-02 NBLOCK =      1 IBLOCK=  19
              7  F =    0.1172E-01 NBLOCK =      1 IBLOCK=  23
              8  F =    0.1367E-01 NBLOCK =      1 IBLOCK=  26
              9  F =    0.1562E-01 NBLOCK =      1 IBLOCK=  30
             10  F =    0.1758E-01 NBLOCK =      1 IBLOCK=  33
             11  F =    0.1953E-01 NBLOCK =      1 IBLOCK=  37
             12  F =    0.2148E-01 NBLOCK =      1 IBLOCK=  40
             13  F =    0.2344E-01 NBLOCK =      1 IBLOCK=  44
             14  F =    0.2539E-01 NBLOCK =      1 IBLOCK=  47
             15  F =    0.2734E-01 NBLOCK =      1 IBLOCK=  51
             16  F =    0.2930E-01 NBLOCK =      1 IBLOCK=  54
             17  F =    0.3125E-01 NBLOCK =      1 IBLOCK=  58
             18  F =    0.3320E-01 NBLOCK =      1 IBLOCK=  61
             19  F =    0.3516E-01 NBLOCK =      1 IBLOCK=  65
             20  F =    0.3711E-01 NBLOCK =      1 IBLOCK=  68
             21  F =    0.3906E-01 NBLOCK =      1 IBLOCK=  72
             22  F =    0.4102E-01 NBLOCK =      1 IBLOCK=  75
             23  F =    0.4297E-01 NBLOCK =      1 IBLOCK=  79
             24  F =    0.4492E-01 NBLOCK =      1 IBLOCK=  82
             25  F =    0.4688E-01 NBLOCK =      1 IBLOCK=  86
             26  F =    0.4883E-01 NBLOCK =      1 IBLOCK=  89
             27  F =    0.5078E-01 NBLOCK =      1 IBLOCK=  93
             28  F =    0.5273E-01 NBLOCK =      1 IBLOCK=  96
             29  F =    0.5469E-01 NBLOCK =      1 IBLOCK= 100
             30  F =    0.5664E-01 NBLOCK =      2 IBLOCK=   3
             31  F =    0.5859E-01 NBLOCK =      2 IBLOCK=   7
             32  F =    0.6055E-01 NBLOCK =      2 IBLOCK=  10
             33  F =    0.6250E-01 NBLOCK =      2 IBLOCK=  14
             34  F =    0.6445E-01 NBLOCK =      2 IBLOCK=  18
             35  F =    0.6641E-01 NBLOCK =      2 IBLOCK=  21
             36  F =    0.6836E-01 NBLOCK =      2 IBLOCK=  25
             37  F =    0.7031E-01 NBLOCK =      2 IBLOCK=  28
             38  F =    0.7227E-01 NBLOCK =      2 IBLOCK=  32
             39  F =    0.7422E-01 NBLOCK =      2 IBLOCK=  35
             40  F =    0.7617E-01 NBLOCK =      2 IBLOCK=  39
             41  F =    0.7812E-01 NBLOCK =      2 IBLOCK=  42
             42  F =    0.8008E-01 NBLOCK =      2 IBLOCK=  46
             43  F =    0.8203E-01 NBLOCK =      2 IBLOCK=  49
             44  F =    0.8398E-01 NBLOCK =      2 IBLOCK=  53
             45  F =    0.8594E-01 NBLOCK =      2 IBLOCK=  56
             46  F =    0.8789E-01 NBLOCK =      2 IBLOCK=  60
             47  F =    0.8984E-01 NBLOCK =      2 IBLOCK=  63
             48  F =    0.9180E-01 NBLOCK =      2 IBLOCK=  67
             49  F =    0.9375E-01 NBLOCK =      2 IBLOCK=  70
             50  F =    0.9570E-01 NBLOCK =      2 IBLOCK=  74
             51  F =    0.9766E-01 NBLOCK =      2 IBLOCK=  77
             52  F =    0.9961E-01 NBLOCK =      2 IBLOCK=  81
             53  F =    0.1016E+00 NBLOCK =      2 IBLOCK=  84
             54  F =    0.1035E+00 NBLOCK =      2 IBLOCK=  88
             55  F =    0.1055E+00 NBLOCK =      2 IBLOCK=  91
             56  F =    0.1074E+00 NBLOCK =      2 IBLOCK=  95
             57  F =    0.1094E+00 NBLOCK =      2 IBLOCK=  98
             58  F =    0.1113E+00 NBLOCK =      3 IBLOCK=   2
             59  F =    0.1133E+00 NBLOCK =      3 IBLOCK=   5
             60  F =    0.1152E+00 NBLOCK =      3 IBLOCK=   9
             61  F =    0.1172E+00 NBLOCK =      3 IBLOCK=  12
             62  F =    0.1191E+00 NBLOCK =      3 IBLOCK=  16
             63  F =    0.1211E+00 NBLOCK =      3 IBLOCK=  19
             64  F =    0.1230E+00 NBLOCK =      3 IBLOCK=  23
             65  F =    0.1250E+00 NBLOCK =      3 IBLOCK=  27
             66  F =    0.1270E+00 NBLOCK =      3 IBLOCK=  30
             67  F =    0.1289E+00 NBLOCK =      3 IBLOCK=  34
             68  F =    0.1309E+00 NBLOCK =      3 IBLOCK=  37
             69  F =    0.1328E+00 NBLOCK =      3 IBLOCK=  41
             70  F =    0.1348E+00 NBLOCK =      3 IBLOCK=  44
             71  F =    0.1367E+00 NBLOCK =      3 IBLOCK=  48
             72  F =    0.1387E+00 NBLOCK =      3 IBLOCK=  51
             73  F =    0.1406E+00 NBLOCK =      3 IBLOCK=  55
             74  F =    0.1426E+00 NBLOCK =      3 IBLOCK=  58
             75  F =    0.1445E+00 NBLOCK =      3 IBLOCK=  62
             76  F =    0.1465E+00 NBLOCK =      3 IBLOCK=  65
             77  F =    0.1484E+00 NBLOCK =      3 IBLOCK=  69
             78  F =    0.1504E+00 NBLOCK =      3 IBLOCK=  72
             79  F =    0.1523E+00 NBLOCK =      3 IBLOCK=  76
             80  F =    0.1543E+00 NBLOCK =      3 IBLOCK=  79
             81  F =    0.1562E+00 NBLOCK =      3 IBLOCK=  83
             82  F =    0.1582E+00 NBLOCK =      3 IBLOCK=  86
             83  F =    0.1602E+00 NBLOCK =      3 IBLOCK=  90
             84  F =    0.1621E+00 NBLOCK =      3 IBLOCK=  93
             85  F =    0.1641E+00 NBLOCK =      3 IBLOCK=  97
             86  F =    0.1660E+00 NBLOCK =      3 IBLOCK= 100
             87  F =    0.1680E+00 NBLOCK =      4 IBLOCK=   4
             88  F =    0.1699E+00 NBLOCK =      4 IBLOCK=   7
             89  F =    0.1719E+00 NBLOCK =      4 IBLOCK=  11
             90  F =    0.1738E+00 NBLOCK =      4 IBLOCK=  14
             91  F =    0.1758E+00 NBLOCK =      4 IBLOCK=  18
             92  F =    0.1777E+00 NBLOCK =      4 IBLOCK=  21
             93  F =    0.1797E+00 NBLOCK =      4 IBLOCK=  25
             94  F =    0.1816E+00 NBLOCK =      4 IBLOCK=  28
             95  F =    0.1836E+00 NBLOCK =      4 IBLOCK=  32
             96  F =    0.1855E+00 NBLOCK =      4 IBLOCK=  35
             97  F =    0.1875E+00 NBLOCK =      4 IBLOCK=  39
             98  F =    0.1895E+00 NBLOCK =      4 IBLOCK=  43
             99  F =    0.1914E+00 NBLOCK =      4 IBLOCK=  46
            100  F =    0.1934E+00 NBLOCK =      4 IBLOCK=  50
            101  F =    0.1953E+00 NBLOCK =      4 IBLOCK=  53
            102  F =    0.1973E+00 NBLOCK =      4 IBLOCK=  57
            103  F =    0.1992E+00 NBLOCK =      4 IBLOCK=  60
            104  F =    0.2012E+00 NBLOCK =      4 IBLOCK=  64
            105  F =    0.2031E+00 NBLOCK =      4 IBLOCK=  67
            106  F =    0.2051E+00 NBLOCK =      4 IBLOCK=  71
            107  F =    0.2070E+00 NBLOCK =      4 IBLOCK=  74
            108  F =    0.2090E+00 NBLOCK =      4 IBLOCK=  78
            109  F =    0.2109E+00 NBLOCK =      4 IBLOCK=  81
            110  F =    0.2129E+00 NBLOCK =      4 IBLOCK=  85
            111  F =    0.2148E+00 NBLOCK =      4 IBLOCK=  88
            112  F =    0.2168E+00 NBLOCK =      4 IBLOCK=  92
            113  F =    0.2188E+00 NBLOCK =      4 IBLOCK=  95
            114  F =    0.2207E+00 NBLOCK =      4 IBLOCK=  99
            115  F =    0.2227E+00 NBLOCK =      5 IBLOCK=   2
            116  F =    0.2246E+00 NBLOCK =      5 IBLOCK=   6
            117  F =    0.2266E+00 NBLOCK =      5 IBLOCK=   9
            118  F =    0.2285E+00 NBLOCK =      5 IBLOCK=  13
            119  F =    0.2305E+00 NBLOCK =      5 IBLOCK=  16
            120  F =    0.2324E+00 NBLOCK =      5 IBLOCK=  20
            121  F =    0.2344E+00 NBLOCK =      5 IBLOCK=  23
            122  F =    0.2363E+00 NBLOCK =      5 IBLOCK=  27
            123  F =    0.2383E+00 NBLOCK =      5 IBLOCK=  30
            124  F =    0.2402E+00 NBLOCK =      5 IBLOCK=  34
            125  F =    0.2422E+00 NBLOCK =      5 IBLOCK=  37
            126  F =    0.2441E+00 NBLOCK =      5 IBLOCK=  41
            127  F =    0.2461E+00 NBLOCK =      5 IBLOCK=  44
            128  F =    0.2480E+00 NBLOCK =      5 IBLOCK=  48
            129  F =    0.2500E+00 NBLOCK =      5 IBLOCK=  52
            130  F =    0.2520E+00 NBLOCK =      5 IBLOCK=  55
            131  F =    0.2539E+00 NBLOCK =      5 IBLOCK=  59
            132  F =    0.2559E+00 NBLOCK =      5 IBLOCK=  62
            133  F =    0.2578E+00 NBLOCK =      5 IBLOCK=  66
            134  F =    0.2598E+00 NBLOCK =      5 IBLOCK=  69
            135  F =    0.2617E+00 NBLOCK =      5 IBLOCK=  73
            136  F =    0.2637E+00 NBLOCK =      5 IBLOCK=  76
            137  F =    0.2656E+00 NBLOCK =      5 IBLOCK=  80
            138  F =    0.2676E+00 NBLOCK =      5 IBLOCK=  83
            139  F =    0.2695E+00 NBLOCK =      5 IBLOCK=  87
            140  F =    0.2715E+00 NBLOCK =      5 IBLOCK=  90
            141  F =    0.2734E+00 NBLOCK =      5 IBLOCK=  94
            142  F =    0.2754E+00 NBLOCK =      5 IBLOCK=  97
            143  F =    0.2773E+00 NBLOCK =      6 IBLOCK=   1
            144  F =    0.2793E+00 NBLOCK =      6 IBLOCK=   4
            145  F =    0.2812E+00 NBLOCK =      6 IBLOCK=   8
            146  F =    0.2832E+00 NBLOCK =      6 IBLOCK=  11
            147  F =    0.2852E+00 NBLOCK =      6 IBLOCK=  15
            148  F =    0.2871E+00 NBLOCK =      6 IBLOCK=  18
            149  F =    0.2891E+00 NBLOCK =      6 IBLOCK=  22
            150  F =    0.2910E+00 NBLOCK =      6 IBLOCK=  25
            151  F =    0.2930E+00 NBLOCK =      6 IBLOCK=  29
            152  F =    0.2949E+00 NBLOCK =      6 IBLOCK=  32
            153  F =    0.2969E+00 NBLOCK =      6 IBLOCK=  36
            154  F =    0.2988E+00 NBLOCK =      6 IBLOCK=  39
            155  F =    0.3008E+00 NBLOCK =      6 IBLOCK=  43
            156  F =    0.3027E+00 NBLOCK =      6 IBLOCK=  46
            157  F =    0.3047E+00 NBLOCK =      6 IBLOCK=  50
            158  F =    0.3066E+00 NBLOCK =      6 IBLOCK=  53
            159  F =    0.3086E+00 NBLOCK =      6 IBLOCK=  57
            160  F =    0.3105E+00 NBLOCK =      6 IBLOCK=  60
            161  F =    0.3125E+00 NBLOCK =      6 IBLOCK=  64
            162  F =    0.3145E+00 NBLOCK =      6 IBLOCK=  68
            163  F =    0.3164E+00 NBLOCK =      6 IBLOCK=  71
            164  F =    0.3184E+00 NBLOCK =      6 IBLOCK=  75
            165  F =    0.3203E+00 NBLOCK =      6 IBLOCK=  78
            166  F =    0.3223E+00 NBLOCK =      6 IBLOCK=  82
            167  F =    0.3242E+00 NBLOCK =      6 IBLOCK=  85
            168  F =    0.3262E+00 NBLOCK =      6 IBLOCK=  89
            169  F =    0.3281E+00 NBLOCK =      6 IBLOCK=  92
            170  F =    0.3301E+00 NBLOCK =      6 IBLOCK=  96
            171  F =    0.3320E+00 NBLOCK =      6 IBLOCK=  99
            172  F =    0.3340E+00 NBLOCK =      7 IBLOCK=   3
            173  F =    0.3359E+00 NBLOCK =      7 IBLOCK=   6
            174  F =    0.3379E+00 NBLOCK =      7 IBLOCK=  10
            175  F =    0.3398E+00 NBLOCK =      7 IBLOCK=  13
            176  F =    0.3418E+00 NBLOCK =      7 IBLOCK=  17
            177  F =    0.3438E+00 NBLOCK =      7 IBLOCK=  20
            178  F =    0.3457E+00 NBLOCK =      7 IBLOCK=  24
            179  F =    0.3477E+00 NBLOCK =      7 IBLOCK=  27
            180  F =    0.3496E+00 NBLOCK =      7 IBLOCK=  31
            181  F =    0.3516E+00 NBLOCK =      7 IBLOCK=  34
            182  F =    0.3535E+00 NBLOCK =      7 IBLOCK=  38
            183  F =    0.3555E+00 NBLOCK =      7 IBLOCK=  41
            184  F =    0.3574E+00 NBLOCK =      7 IBLOCK=  45
            185  F =    0.3594E+00 NBLOCK =      7 IBLOCK=  48
            186  F =    0.3613E+00 NBLOCK =      7 IBLOCK=  52
            187  F =    0.3633E+00 NBLOCK =      7 IBLOCK=  55
            188  F =    0.3652E+00 NBLOCK =      7 IBLOCK=  59
            189  F =    0.3672E+00 NBLOCK =      7 IBLOCK=  62
            190  F =    0.3691E+00 NBLOCK =      7 IBLOCK=  66
            191  F =    0.3711E+00 NBLOCK =      7 IBLOCK=  69
            192  F =    0.3730E+00 NBLOCK =      7 IBLOCK=  73
            193  F =    0.3750E+00 NBLOCK =      7 IBLOCK=  77
            194  F =    0.3770E+00 NBLOCK =      7 IBLOCK=  80
            195  F =    0.3789E+00 NBLOCK =      7 IBLOCK=  84
            196  F =    0.3809E+00 NBLOCK =      7 IBLOCK=  87
            197  F =    0.3828E+00 NBLOCK =      7 IBLOCK=  91
            198  F =    0.3848E+00 NBLOCK =      7 IBLOCK=  94
            199  F =    0.3867E+00 NBLOCK =      7 IBLOCK=  98
            200  F =    0.3887E+00 NBLOCK =      8 IBLOCK=   1
            201  F =    0.3906E+00 NBLOCK =      8 IBLOCK=   5
            202  F =    0.3926E+00 NBLOCK =      8 IBLOCK=   8
            203  F =    0.3945E+00 NBLOCK =      8 IBLOCK=  12
            204  F =    0.3965E+00 NBLOCK =      8 IBLOCK=  15
            205  F =    0.3984E+00 NBLOCK =      8 IBLOCK=  19
            206  F =    0.4004E+00 NBLOCK =      8 IBLOCK=  22
            207  F =    0.4023E+00 NBLOCK =      8 IBLOCK=  26
            208  F =    0.4043E+00 NBLOCK =      8 IBLOCK=  29
            209  F =    0.4062E+00 NBLOCK =      8 IBLOCK=  33
            210  F =    0.4082E+00 NBLOCK =      8 IBLOCK=  36
            211  F =    0.4102E+00 NBLOCK =      8 IBLOCK=  40
            212  F =    0.4121E+00 NBLOCK =      8 IBLOCK=  43
            213  F =    0.4141E+00 NBLOCK =      8 IBLOCK=  47
            214  F =    0.4160E+00 NBLOCK =      8 IBLOCK=  50
            215  F =    0.4180E+00 NBLOCK =      8 IBLOCK=  54
            216  F =    0.4199E+00 NBLOCK =      8 IBLOCK=  57
            217  F =    0.4219E+00 NBLOCK =      8 IBLOCK=  61
            218  F =    0.4238E+00 NBLOCK =      8 IBLOCK=  64
            219  F =    0.4258E+00 NBLOCK =      8 IBLOCK=  68
            220  F =    0.4277E+00 NBLOCK =      8 IBLOCK=  71
            221  F =    0.4297E+00 NBLOCK =      8 IBLOCK=  75
            222  F =    0.4316E+00 NBLOCK =      8 IBLOCK=  78
            223  F =    0.4336E+00 NBLOCK =      8 IBLOCK=  82
            224  F =    0.4355E+00 NBLOCK =      8 IBLOCK=  85
            225  F =    0.4375E+00 NBLOCK =      8 IBLOCK=  89
            226  F =    0.4395E+00 NBLOCK =      8 IBLOCK=  93
            227  F =    0.4414E+00 NBLOCK =      8 IBLOCK=  96
            228  F =    0.4434E+00 NBLOCK =      8 IBLOCK= 100
            229  F =    0.4453E+00 NBLOCK =      9 IBLOCK=   3
            230  F =    0.4473E+00 NBLOCK =      9 IBLOCK=   7
            231  F =    0.4492E+00 NBLOCK =      9 IBLOCK=  10
            232  F =    0.4512E+00 NBLOCK =      9 IBLOCK=  14
            233  F =    0.4531E+00 NBLOCK =      9 IBLOCK=  17
            234  F =    0.4551E+00 NBLOCK =      9 IBLOCK=  21
            235  F =    0.4570E+00 NBLOCK =      9 IBLOCK=  24
            236  F =    0.4590E+00 NBLOCK =      9 IBLOCK=  28
            237  F =    0.4609E+00 NBLOCK =      9 IBLOCK=  31
            238  F =    0.4629E+00 NBLOCK =      9 IBLOCK=  35
            239  F =    0.4648E+00 NBLOCK =      9 IBLOCK=  38
            240  F =    0.4668E+00 NBLOCK =      9 IBLOCK=  42
            241  F =    0.4688E+00 NBLOCK =      9 IBLOCK=  45
            242  F =    0.4707E+00 NBLOCK =      9 IBLOCK=  49
            243  F =    0.4727E+00 NBLOCK =      9 IBLOCK=  52
            244  F =    0.4746E+00 NBLOCK =      9 IBLOCK=  56
            245  F =    0.4766E+00 NBLOCK =      9 IBLOCK=  59
            246  F =    0.4785E+00 NBLOCK =      9 IBLOCK=  63
            247  F =    0.4805E+00 NBLOCK =      9 IBLOCK=  66
            248  F =    0.4824E+00 NBLOCK =      9 IBLOCK=  70
            249  F =    0.4844E+00 NBLOCK =      9 IBLOCK=  73
            250  F =    0.4863E+00 NBLOCK =      9 IBLOCK=  77
            251  F =    0.4883E+00 NBLOCK =      9 IBLOCK=  80
            252  F =    0.4902E+00 NBLOCK =      9 IBLOCK=  84
            253  F =    0.4922E+00 NBLOCK =      9 IBLOCK=  87
            254  F =    0.4941E+00 NBLOCK =      9 IBLOCK=  91
            255  F =    0.4961E+00 NBLOCK =      9 IBLOCK=  94
            256  F =    0.4980E+00 NBLOCK =      9 IBLOCK=  98
            257  F =    0.5000E+00 NBLOCK =     10 IBLOCK=   2
            258  F =    0.5020E+00 NBLOCK =     10 IBLOCK=   5
            259  F =    0.5039E+00 NBLOCK =     10 IBLOCK=   9
            260  F =    0.5059E+00 NBLOCK =     10 IBLOCK=  12
            261  F =    0.5078E+00 NBLOCK =     10 IBLOCK=  16
            262  F =    0.5098E+00 NBLOCK =     10 IBLOCK=  19
            263  F =    0.5117E+00 NBLOCK =     10 IBLOCK=  23
            264  F =    0.5137E+00 NBLOCK =     10 IBLOCK=  26
            265  F =    0.5156E+00 NBLOCK =     10 IBLOCK=  30
            266  F =    0.5176E+00 NBLOCK =     10 IBLOCK=  33
            267  F =    0.5195E+00 NBLOCK =     10 IBLOCK=  37
            268  F =    0.5215E+00 NBLOCK =     10 IBLOCK=  40
            269  F =    0.5234E+00 NBLOCK =     10 IBLOCK=  44
            270  F =    0.5254E+00 NBLOCK =     10 IBLOCK=  47
            271  F =    0.5273E+00 NBLOCK =     10 IBLOCK=  51
            272  F =    0.5293E+00 NBLOCK =     10 IBLOCK=  54
            273  F =    0.5312E+00 NBLOCK =     10 IBLOCK=  58
            274  F =    0.5332E+00 NBLOCK =     10 IBLOCK=  61
            275  F =    0.5352E+00 NBLOCK =     10 IBLOCK=  65
            276  F =    0.5371E+00 NBLOCK =     10 IBLOCK=  68
            277  F =    0.5391E+00 NBLOCK =     10 IBLOCK=  72
            278  F =    0.5410E+00 NBLOCK =     10 IBLOCK=  75
            279  F =    0.5430E+00 NBLOCK =     10 IBLOCK=  79
            280  F =    0.5449E+00 NBLOCK =     10 IBLOCK=  82
            281  F =    0.5469E+00 NBLOCK =     10 IBLOCK=  86
            282  F =    0.5488E+00 NBLOCK =     10 IBLOCK=  89
            283  F =    0.5508E+00 NBLOCK =     10 IBLOCK=  93
            284  F =    0.5527E+00 NBLOCK =     10 IBLOCK=  96
            285  F =    0.5547E+00 NBLOCK =     10 IBLOCK= 100
            286  F =    0.5566E+00 NBLOCK =     11 IBLOCK=   3
            287  F =    0.5586E+00 NBLOCK =     11 IBLOCK=   7
            288  F =    0.5605E+00 NBLOCK =     11 IBLOCK=  10
            289  F =    0.5625E+00 NBLOCK =     11 IBLOCK=  14
            290  F =    0.5645E+00 NBLOCK =     11 IBLOCK=  18
            291  F =    0.5664E+00 NBLOCK =     11 IBLOCK=  21
            292  F =    0.5684E+00 NBLOCK =     11 IBLOCK=  25
            293  F =    0.5703E+00 NBLOCK =     11 IBLOCK=  28
            294  F =    0.5723E+00 NBLOCK =     11 IBLOCK=  32
            295  F =    0.5742E+00 NBLOCK =     11 IBLOCK=  35
            296  F =    0.5762E+00 NBLOCK =     11 IBLOCK=  39
            297  F =    0.5781E+00 NBLOCK =     11 IBLOCK=  42
            298  F =    0.5801E+00 NBLOCK =     11 IBLOCK=  46
            299  F =    0.5820E+00 NBLOCK =     11 IBLOCK=  49
            300  F =    0.5840E+00 NBLOCK =     11 IBLOCK=  53
            301  F =    0.5859E+00 NBLOCK =     11 IBLOCK=  56
            302  F =    0.5879E+00 NBLOCK =     11 IBLOCK=  60
            303  F =    0.5898E+00 NBLOCK =     11 IBLOCK=  63
            304  F =    0.5918E+00 NBLOCK =     11 IBLOCK=  67
            305  F =    0.5938E+00 NBLOCK =     11 IBLOCK=  70
            306  F =    0.5957E+00 NBLOCK =     11 IBLOCK=  74
            307  F =    0.5977E+00 NBLOCK =     11 IBLOCK=  77
            308  F =    0.5996E+00 NBLOCK =     11 IBLOCK=  81
            309  F =    0.6016E+00 NBLOCK =     11 IBLOCK=  84
            310  F =    0.6035E+00 NBLOCK =     11 IBLOCK=  88
            311  F =    0.6055E+00 NBLOCK =     11 IBLOCK=  91
            312  F =    0.6074E+00 NBLOCK =     11 IBLOCK=  95
            313  F =    0.6094E+00 NBLOCK =     11 IBLOCK=  98
            314  F =    0.6113E+00 NBLOCK =     12 IBLOCK=   2
            315  F =    0.6133E+00 NBLOCK =     12 IBLOCK=   5
            316  F =    0.6152E+00 NBLOCK =     12 IBLOCK=   9
            317  F =    0.6172E+00 NBLOCK =     12 IBLOCK=  12
            318  F =    0.6191E+00 NBLOCK =     12 IBLOCK=  16
            319  F =    0.6211E+00 NBLOCK =     12 IBLOCK=  19
            320  F =    0.6230E+00 NBLOCK =     12 IBLOCK=  23
            321  F =    0.6250E+00 NBLOCK =     12 IBLOCK=  27
            322  F =    0.6270E+00 NBLOCK =     12 IBLOCK=  30
            323  F =    0.6289E+00 NBLOCK =     12 IBLOCK=  34
            324  F =    0.6309E+00 NBLOCK =     12 IBLOCK=  37
            325  F =    0.6328E+00 NBLOCK =     12 IBLOCK=  41
            326  F =    0.6348E+00 NBLOCK =     12 IBLOCK=  44
            327  F =    0.6367E+00 NBLOCK =     12 IBLOCK=  48
            328  F =    0.6387E+00 NBLOCK =     12 IBLOCK=  51
            329  F =    0.6406E+00 NBLOCK =     12 IBLOCK=  55
            330  F =    0.6426E+00 NBLOCK =     12 IBLOCK=  58
            331  F =    0.6445E+00 NBLOCK =     12 IBLOCK=  62
            332  F =    0.6465E+00 NBLOCK =     12 IBLOCK=  65
            333  F =    0.6484E+00 NBLOCK =     12 IBLOCK=  69
            334  F =    0.6504E+00 NBLOCK =     12 IBLOCK=  72
            335  F =    0.6523E+00 NBLOCK =     12 IBLOCK=  76
            336  F =    0.6543E+00 NBLOCK =     12 IBLOCK=  79
            337  F =    0.6562E+00 NBLOCK =     12 IBLOCK=  83
            338  F =    0.6582E+00 NBLOCK =     12 IBLOCK=  86
            339  F =    0.6602E+00 NBLOCK =     12 IBLOCK=  90
            340  F =    0.6621E+00 NBLOCK =     12 IBLOCK=  93
            341  F =    0.6641E+00 NBLOCK =     12 IBLOCK=  97
            342  F =    0.6660E+00 NBLOCK =     12 IBLOCK= 100
            343  F =    0.6680E+00 NBLOCK =     13 IBLOCK=   4
            344  F =    0.6699E+00 NBLOCK =     13 IBLOCK=   7
            345  F =    0.6719E+00 NBLOCK =     13 IBLOCK=  11
            346  F =    0.6738E+00 NBLOCK =     13 IBLOCK=  14
            347  F =    0.6758E+00 NBLOCK =     13 IBLOCK=  18
            348  F =    0.6777E+00 NBLOCK =     13 IBLOCK=  21
            349  F =    0.6797E+00 NBLOCK =     13 IBLOCK=  25
            350  F =    0.6816E+00 NBLOCK =     13 IBLOCK=  28
            351  F =    0.6836E+00 NBLOCK =     13 IBLOCK=  32
            352  F =    0.6855E+00 NBLOCK =     13 IBLOCK=  35
            353  F =    0.6875E+00 NBLOCK =     13 IBLOCK=  39
            354  F =    0.6895E+00 NBLOCK =     13 IBLOCK=  43
            355  F =    0.6914E+00 NBLOCK =     13 IBLOCK=  46
            356  F =    0.6934E+00 NBLOCK =     13 IBLOCK=  50
            357  F =    0.6953E+00 NBLOCK =     13 IBLOCK=  53
            358  F =    0.6973E+00 NBLOCK =     13 IBLOCK=  57
            359  F =    0.6992E+00 NBLOCK =     13 IBLOCK=  60
            360  F =    0.7012E+00 NBLOCK =     13 IBLOCK=  64
            361  F =    0.7031E+00 NBLOCK =     13 IBLOCK=  67
            362  F =    0.7051E+00 NBLOCK =     13 IBLOCK=  71
            363  F =    0.7070E+00 NBLOCK =     13 IBLOCK=  74
            364  F =    0.7090E+00 NBLOCK =     13 IBLOCK=  78
            365  F =    0.7109E+00 NBLOCK =     13 IBLOCK=  81
            366  F =    0.7129E+00 NBLOCK =     13 IBLOCK=  85
            367  F =    0.7148E+00 NBLOCK =     13 IBLOCK=  88
            368  F =    0.7168E+00 NBLOCK =     13 IBLOCK=  92
            369  F =    0.7188E+00 NBLOCK =     13 IBLOCK=  95
            370  F =    0.7207E+00 NBLOCK =     13 IBLOCK=  99
            371  F =    0.7227E+00 NBLOCK =     14 IBLOCK=   2
            372  F =    0.7246E+00 NBLOCK =     14 IBLOCK=   6
            373  F =    0.7266E+00 NBLOCK =     14 IBLOCK=   9
            374  F =    0.7285E+00 NBLOCK =     14 IBLOCK=  13
            375  F =    0.7305E+00 NBLOCK =     14 IBLOCK=  16
            376  F =    0.7324E+00 NBLOCK =     14 IBLOCK=  20
            377  F =    0.7344E+00 NBLOCK =     14 IBLOCK=  23
            378  F =    0.7363E+00 NBLOCK =     14 IBLOCK=  27
            379  F =    0.7383E+00 NBLOCK =     14 IBLOCK=  30
            380  F =    0.7402E+00 NBLOCK =     14 IBLOCK=  34
            381  F =    0.7422E+00 NBLOCK =     14 IBLOCK=  37
            382  F =    0.7441E+00 NBLOCK =     14 IBLOCK=  41
            383  F =    0.7461E+00 NBLOCK =     14 IBLOCK=  44
            384  F =    0.7480E+00 NBLOCK =     14 IBLOCK=  48
            385  F =    0.7500E+00 NBLOCK =     14 IBLOCK=  52
            386  F =    0.7520E+00 NBLOCK =     14 IBLOCK=  55
            387  F =    0.7539E+00 NBLOCK =     14 IBLOCK=  59
            388  F =    0.7559E+00 NBLOCK =     14 IBLOCK=  62
            389  F =    0.7578E+00 NBLOCK =     14 IBLOCK=  66
            390  F =    0.7598E+00 NBLOCK =     14 IBLOCK=  69
            391  F =    0.7617E+00 NBLOCK =     14 IBLOCK=  73
            392  F =    0.7637E+00 NBLOCK =     14 IBLOCK=  76
            393  F =    0.7656E+00 NBLOCK =     14 IBLOCK=  80
            394  F =    0.7676E+00 NBLOCK =     14 IBLOCK=  83
            395  F =    0.7695E+00 NBLOCK =     14 IBLOCK=  87
            396  F =    0.7715E+00 NBLOCK =     14 IBLOCK=  90
            397  F =    0.7734E+00 NBLOCK =     14 IBLOCK=  94
            398  F =    0.7754E+00 NBLOCK =     14 IBLOCK=  97
            399  F =    0.7773E+00 NBLOCK =     15 IBLOCK=   1
            400  F =    0.7793E+00 NBLOCK =     15 IBLOCK=   4
            401  F =    0.7812E+00 NBLOCK =     15 IBLOCK=   8
            402  F =    0.7832E+00 NBLOCK =     15 IBLOCK=  11
            403  F =    0.7852E+00 NBLOCK =     15 IBLOCK=  15
            404  F =    0.7871E+00 NBLOCK =     15 IBLOCK=  18
            405  F =    0.7891E+00 NBLOCK =     15 IBLOCK=  22
            406  F =    0.7910E+00 NBLOCK =     15 IBLOCK=  25
            407  F =    0.7930E+00 NBLOCK =     15 IBLOCK=  29
            408  F =    0.7949E+00 NBLOCK =     15 IBLOCK=  32
            409  F =    0.7969E+00 NBLOCK =     15 IBLOCK=  36
            410  F =    0.7988E+00 NBLOCK =     15 IBLOCK=  39
            411  F =    0.8008E+00 NBLOCK =     15 IBLOCK=  43
            412  F =    0.8027E+00 NBLOCK =     15 IBLOCK=  46
            413  F =    0.8047E+00 NBLOCK =     15 IBLOCK=  50
            414  F =    0.8066E+00 NBLOCK =     15 IBLOCK=  53
            415  F =    0.8086E+00 NBLOCK =     15 IBLOCK=  57
            416  F =    0.8105E+00 NBLOCK =     15 IBLOCK=  60
            417  F =    0.8125E+00 NBLOCK =     15 IBLOCK=  64
            418  F =    0.8145E+00 NBLOCK =     15 IBLOCK=  68
            419  F =    0.8164E+00 NBLOCK =     15 IBLOCK=  71
            420  F =    0.8184E+00 NBLOCK =     15 IBLOCK=  75
            421  F =    0.8203E+00 NBLOCK =     15 IBLOCK=  78
            422  F =    0.8223E+00 NBLOCK =     15 IBLOCK=  82
            423  F =    0.8242E+00 NBLOCK =     15 IBLOCK=  85
            424  F =    0.8262E+00 NBLOCK =     15 IBLOCK=  89
            425  F =    0.8281E+00 NBLOCK =     15 IBLOCK=  92
            426  F =    0.8301E+00 NBLOCK =     15 IBLOCK=  96
            427  F =    0.8320E+00 NBLOCK =     15 IBLOCK=  99
            428  F =    0.8340E+00 NBLOCK =     16 IBLOCK=   3
            429  F =    0.8359E+00 NBLOCK =     16 IBLOCK=   6
            430  F =    0.8379E+00 NBLOCK =     16 IBLOCK=  10
            431  F =    0.8398E+00 NBLOCK =     16 IBLOCK=  13
            432  F =    0.8418E+00 NBLOCK =     16 IBLOCK=  17
            433  F =    0.8438E+00 NBLOCK =     16 IBLOCK=  20
            434  F =    0.8457E+00 NBLOCK =     16 IBLOCK=  24
            435  F =    0.8477E+00 NBLOCK =     16 IBLOCK=  27
            436  F =    0.8496E+00 NBLOCK =     16 IBLOCK=  31
            437  F =    0.8516E+00 NBLOCK =     16 IBLOCK=  34
            438  F =    0.8535E+00 NBLOCK =     16 IBLOCK=  38
            439  F =    0.8555E+00 NBLOCK =     16 IBLOCK=  41
            440  F =    0.8574E+00 NBLOCK =     16 IBLOCK=  45
            441  F =    0.8594E+00 NBLOCK =     16 IBLOCK=  48
            442  F =    0.8613E+00 NBLOCK =     16 IBLOCK=  52
            443  F =    0.8633E+00 NBLOCK =     16 IBLOCK=  55
            444  F =    0.8652E+00 NBLOCK =     16 IBLOCK=  59
            445  F =    0.8672E+00 NBLOCK =     16 IBLOCK=  62
            446  F =    0.8691E+00 NBLOCK =     16 IBLOCK=  66
            447  F =    0.8711E+00 NBLOCK =     16 IBLOCK=  69
            448  F =    0.8730E+00 NBLOCK =     16 IBLOCK=  73
            449  F =    0.8750E+00 NBLOCK =     16 IBLOCK=  77
            450  F =    0.8770E+00 NBLOCK =     16 IBLOCK=  80
            451  F =    0.8789E+00 NBLOCK =     16 IBLOCK=  84
            452  F =    0.8809E+00 NBLOCK =     16 IBLOCK=  87
            453  F =    0.8828E+00 NBLOCK =     16 IBLOCK=  91
            454  F =    0.8848E+00 NBLOCK =     16 IBLOCK=  94
            455  F =    0.8867E+00 NBLOCK =     16 IBLOCK=  98
            456  F =    0.8887E+00 NBLOCK =     17 IBLOCK=   1
            457  F =    0.8906E+00 NBLOCK =     17 IBLOCK=   5
            458  F =    0.8926E+00 NBLOCK =     17 IBLOCK=   8
            459  F =    0.8945E+00 NBLOCK =     17 IBLOCK=  12
            460  F =    0.8965E+00 NBLOCK =     17 IBLOCK=  15
            461  F =    0.8984E+00 NBLOCK =     17 IBLOCK=  19
            462  F =    0.9004E+00 NBLOCK =     17 IBLOCK=  22
            463  F =    0.9023E+00 NBLOCK =     17 IBLOCK=  26
            464  F =    0.9043E+00 NBLOCK =     17 IBLOCK=  29
            465  F =    0.9062E+00 NBLOCK =     17 IBLOCK=  33
            466  F =    0.9082E+00 NBLOCK =     17 IBLOCK=  36
            467  F =    0.9102E+00 NBLOCK =     17 IBLOCK=  40
            468  F =    0.9121E+00 NBLOCK =     17 IBLOCK=  43
            469  F =    0.9141E+00 NBLOCK =     17 IBLOCK=  47
            470  F =    0.9160E+00 NBLOCK =     17 IBLOCK=  50
            471  F =    0.9180E+00 NBLOCK =     17 IBLOCK=  54
            472  F =    0.9199E+00 NBLOCK =     17 IBLOCK=  57
            473  F =    0.9219E+00 NBLOCK =     17 IBLOCK=  61
            474  F =    0.9238E+00 NBLOCK =     17 IBLOCK=  64
            475  F =    0.9258E+00 NBLOCK =     17 IBLOCK=  68
            476  F =    0.9277E+00 NBLOCK =     17 IBLOCK=  71
            477  F =    0.9297E+00 NBLOCK =     17 IBLOCK=  75
            478  F =    0.9316E+00 NBLOCK =     17 IBLOCK=  78
            479  F =    0.9336E+00 NBLOCK =     17 IBLOCK=  82
            480  F =    0.9355E+00 NBLOCK =     17 IBLOCK=  85
            481  F =    0.9375E+00 NBLOCK =     17 IBLOCK=  89
            482  F =    0.9395E+00 NBLOCK =     17 IBLOCK=  93
            483  F =    0.9414E+00 NBLOCK =     17 IBLOCK=  96
            484  F =    0.9434E+00 NBLOCK =     17 IBLOCK= 100
            485  F =    0.9453E+00 NBLOCK =     18 IBLOCK=   3
            486  F =    0.9473E+00 NBLOCK =     18 IBLOCK=   7
            487  F =    0.9492E+00 NBLOCK =     18 IBLOCK=  10
            488  F =    0.9512E+00 NBLOCK =     18 IBLOCK=  14
            489  F =    0.9531E+00 NBLOCK =     18 IBLOCK=  17
            490  F =    0.9551E+00 NBLOCK =     18 IBLOCK=  21
            491  F =    0.9570E+00 NBLOCK =     18 IBLOCK=  24
            492  F =    0.9590E+00 NBLOCK =     18 IBLOCK=  28
            493  F =    0.9609E+00 NBLOCK =     18 IBLOCK=  31
            494  F =    0.9629E+00 NBLOCK =     18 IBLOCK=  35
            495  F =    0.9648E+00 NBLOCK =     18 IBLOCK=  38
            496  F =    0.9668E+00 NBLOCK =     18 IBLOCK=  42
            497  F =    0.9688E+00 NBLOCK =     18 IBLOCK=  45
            498  F =    0.9707E+00 NBLOCK =     18 IBLOCK=  49
            499  F =    0.9727E+00 NBLOCK =     18 IBLOCK=  52
            500  F =    0.9746E+00 NBLOCK =     18 IBLOCK=  56
            501  F =    0.9766E+00 NBLOCK =     18 IBLOCK=  59
            502  F =    0.9785E+00 NBLOCK =     18 IBLOCK=  63
            503  F =    0.9805E+00 NBLOCK =     18 IBLOCK=  66
            504  F =    0.9824E+00 NBLOCK =     18 IBLOCK=  70
            505  F =    0.9844E+00 NBLOCK =     18 IBLOCK=  73
            506  F =    0.9863E+00 NBLOCK =     18 IBLOCK=  77
            507  F =    0.9883E+00 NBLOCK =     18 IBLOCK=  80
            508  F =    0.9902E+00 NBLOCK =     18 IBLOCK=  84
            509  F =    0.9922E+00 NBLOCK =     18 IBLOCK=  87
            510  F =    0.9941E+00 NBLOCK =     18 IBLOCK=  91
            511  F =    0.9961E+00 NBLOCK =     18 IBLOCK=  94
            512  F =    0.9980E+00 NBLOCK =     18 IBLOCK=  98
